<?xml version="1.0" encoding="UTF-8"?>
<testng-results ignored="0" total="1" passed="1" failed="0" skipped="0">
  <reporter-output>
  </reporter-output>
  <suite started-at="2024-08-22T15:09:52 IST" name="Default suite" finished-at="2024-08-22T15:10:04 IST" duration-ms="11966">
    <groups>
    </groups>
    <test started-at="2024-08-22T15:09:52 IST" name="Default test" finished-at="2024-08-22T15:10:04 IST" duration-ms="11966">
      <class name="com.tutorialsninja.qa.testcases.Register">
        <test-method is-config="true" signature="setup()[pri:0, instance:com.tutorialsninja.qa.testcases.Register@682b2fa]" started-at="2024-08-22T15:09:52 IST" name="setup" finished-at="2024-08-22T15:09:59 IST" duration-ms="7037" status="PASS">
          <reporter-output>
          </reporter-output>
        </test-method> <!-- setup -->
        <test-method signature="verifyRegisteringAccountWithExistingEmailAddress()[pri:3, instance:com.tutorialsninja.qa.testcases.Register@682b2fa]" started-at="2024-08-22T15:09:59 IST" name="verifyRegisteringAccountWithExistingEmailAddress" finished-at="2024-08-22T15:10:03 IST" duration-ms="4548" status="PASS">
          <reporter-output>
          </reporter-output>
        </test-method> <!-- verifyRegisteringAccountWithExistingEmailAddress -->
        <test-method is-config="true" signature="tearDown()[pri:0, instance:com.tutorialsninja.qa.testcases.Register@682b2fa]" started-at="2024-08-22T15:10:03 IST" name="tearDown" finished-at="2024-08-22T15:10:04 IST" duration-ms="289" status="PASS">
          <reporter-output>
          </reporter-output>
        </test-method> <!-- tearDown -->
      </class> <!-- com.tutorialsninja.qa.testcases.Register -->
    </test> <!-- Default test -->
  </suite> <!-- Default suite -->
</testng-results>
