<?xml version="1.0" encoding="UTF-8"?>
<!-- Generated by org.testng.reporters.JUnitXMLReporter -->
<testsuite ignored="0" hostname="DESKTOP-INM506G" failures="0" tests="12" name="TutorialsNinja Testcases" time="114.709" errors="0" timestamp="2024-08-11T00:50:04 IST">
  <testcase classname="com.tutorialsninja.qa.testcases.Search" name="verifySearchWithValidProduct" time="1.0"/>
  <testcase classname="com.tutorialsninja.qa.testcases.Search" name="verifySearchWithInvalidProduct" time="0.821"/>
  <testcase classname="com.tutorialsninja.qa.testcases.Search" name="verifySearchWithoutAnyProduct" time="1.032"/>
  <testcase classname="com.tutorialsninja.qa.testcases.Register" name="verifyRegisteringAnAccountWithMandatoryFields" time="5.127"/>
  <testcase classname="com.tutorialsninja.qa.testcases.Register" name="verifyRegisteringAccountByProvidingAllFields" time="3.879"/>
  <testcase classname="com.tutorialsninja.qa.testcases.Register" name="verifyRegisteringAccountWithExistingEmailAddress" time="3.671"/>
  <testcase classname="com.tutorialsninja.qa.testcases.Register" name="verifyRegisteringAccountWithoutFillingAnyDetails" time="1.298"/>
  <testcase classname="com.tutorialsninja.qa.testcases.Login" name="verifyLoginWithValidCredentials" time="2.423"/>
  <testcase classname="com.tutorialsninja.qa.testcases.Login" name="verifyLoginWithInvalidCredentials" time="2.772"/>
  <testcase classname="com.tutorialsninja.qa.testcases.Login" name="verifyLoginWithInvalidEmailAndValidPassword" time="2.843"/>
  <testcase classname="com.tutorialsninja.qa.testcases.Login" name="verifyLoginWithValidEmailAndInvalidPassword" time="2.978"/>
  <testcase classname="com.tutorialsninja.qa.testcases.Login" name="verifyLoginWithoutProvidingCredentials" time="1.713"/>
</testsuite> <!-- TutorialsNinja Testcases -->
